Save repository element : pg_stg : Creation of initial version
Save database : Modification by user
Save repository element : pg_dw : Modification by user
Save database : Modification by user
Save repository element : pg_stg : Modification by user
Save repository element : pg_armazem : Creation of initial version
Save database : Modification by user
Save repository element : MS : Modification by user
Save database : Modification by user
Save repository element : MS : Modification by user
Save database : Modification by user
Save repository element : MS : Modification by user
Save database : Modification by user
Save repository element : MS : Modification by user
Save database : Modification by user
Save repository element : MS : Modification by user
Save database : Modification by user
Save repository element : MS : Modification by user
Save database : Modification by user
Save repository element : MS : Modification by user
Save database : Modification by user
Save repository element : MS : Modification by user
Save database : Modification by user
Save repository element : MS : Modification by user
Save database : Modification by user
Save repository element : MS : Modification by user
Save database : Modification by user
Save repository element : MS : Modification by user
Save database : Modification by user
Save repository element : MS : Modification by user
Save database : Modification by user
Save repository element : pg_stg : Modification by user
Save database : Modification by user
Save repository element : pg_stg : Modification by user
Save database : Modification by user
Save repository element : pg_stg : Modification by user
Save database : Modification by user
Save repository element : pg_stg : Modification by user
Save database : Modification by user
Save repository element : pg_stg : Modification by user
Save database : Modification by user
Save repository element : pg_stg : Modification by user
Save database : Modification by user
Save repository element : pg_armazem : Modification by user
Save database : Modification by user
Save repository element : pg_armazem : Modification by user
